<?xml version="1.0" encoding="UTF-8" ?>
<testsuite failures="0" time="0.091" errors="0" skipped="0" tests="1" name="de.hu_berlin.german.korpling.saltnpepper.misc.tupleconnector.tests.TupleWriterTest">
  <properties>
    <property name="java.runtime.name" value="Java(TM) SE Runtime Environment"/>
    <property name="sun.boot.library.path" value="p:\Program Files\Java\jdk1.6.0_21\jre\bin"/>
    <property name="java.vm.version" value="17.0-b17"/>
    <property name="java.vm.vendor" value="Sun Microsystems Inc."/>
    <property name="java.vendor.url" value="http://java.sun.com/"/>
    <property name="path.separator" value=";"/>
    <property name="java.vm.name" value="Java HotSpot(TM) 64-Bit Server VM"/>
    <property name="file.encoding.pkg" value="sun.io"/>
    <property name="user.country" value="DE"/>
    <property name="sun.java.launcher" value="SUN_STANDARD"/>
    <property name="sun.os.patch.level" value=""/>
    <property name="java.vm.specification.name" value="Java Virtual Machine Specification"/>
    <property name="user.dir" value="D:\projects_work\SaltNPepper\resources_maven\misc\TupleConnector"/>
    <property name="java.runtime.version" value="1.6.0_21-b07"/>
    <property name="java.awt.graphicsenv" value="sun.awt.Win32GraphicsEnvironment"/>
    <property name="basedir" value="D:\projects_work\SaltNPepper\resources_maven\misc\TupleConnector"/>
    <property name="java.endorsed.dirs" value="p:\Program Files\Java\jdk1.6.0_21\jre\lib\endorsed"/>
    <property name="os.arch" value="amd64"/>
    <property name="surefire.real.class.path" value="C:\Users\FLORIA~1\AppData\Local\Temp\surefirebooter2269664255142564611.jar"/>
    <property name="java.io.tmpdir" value="C:\Users\FLORIA~1\AppData\Local\Temp\"/>
    <property name="line.separator" value="
"/>
    <property name="java.vm.specification.vendor" value="Sun Microsystems Inc."/>
    <property name="user.variant" value=""/>
    <property name="os.name" value="Windows 7"/>
    <property name="sun.jnu.encoding" value="Cp1252"/>
    <property name="java.library.path" value="p:\Program Files\Java\jdk1.6.0_21\jre\bin;.;C:\Windows\Sun\Java\bin;C:\Windows\system32;C:\Windows;C:\Program Files (x86)\Business Objects\Common\3.5\bin\NOTES\;C:\Program Files (x86)\Business Objects\Common\3.5\bin\NOTES\DATA\;C:\Windows\SYSTEM32;C:\Windows;C:\Windows\SYSTEM32\WBEM;C:\Windows\SYSTEM32\WINDOWSPOWERSHELL\V1.0\;;C:\PROGRAM FILES\INTEL\DMIX;C:\Program Files\Dell\DW WLAN Card;P:\Program Files\TortoiseSVN\bin;p:\Program Files\Java\jdk1.6.0_21\/bin;p:\Program Files\Ant\apache-ant-1.8.1\/bin;p:\Program Files\Maven\apache-maven-2.2.1\bin\;P:\Program Files (x86)\Graphviz2.26.3\bin;P:\Program Files\SlikSvn\bin\;d:\Test\PepperTest\test1\de.hub.corpling.pepper.PepperStarter\;p:\programFiles\Cygwin\\bin;P:\Program Files (x86)\OpenVPN\bin"/>
    <property name="surefire.test.class.path" value="D:\projects_work\SaltNPepper\resources_maven\misc\TupleConnector\target\test-classes;D:\projects_work\SaltNPepper\resources_maven\misc\TupleConnector\target\classes;d:\ProgramExports\maven_repository\org\apache\felix\org.osgi.core\1.4.0\org.osgi.core-1.4.0.jar;d:\ProgramExports\maven_repository\junit\junit\3.8.1\junit-3.8.1.jar;d:\ProgramExports\maven_repository\log4j\log4j\1.2.16\log4j-1.2.16.jar;d:\ProgramExports\maven_repository\org\eclipse\emf\org.eclipse.emf.common\2.6.0.v20100614-1136\org.eclipse.emf.common-2.6.0.v20100614-1136.jar;"/>
    <property name="java.specification.name" value="Java Platform API Specification"/>
    <property name="java.class.version" value="50.0"/>
    <property name="sun.management.compiler" value="HotSpot 64-Bit Server Compiler"/>
    <property name="os.version" value="6.1"/>
    <property name="user.home" value="C:\Users\Florian Zipser"/>
    <property name="user.timezone" value=""/>
    <property name="java.awt.printerjob" value="sun.awt.windows.WPrinterJob"/>
    <property name="java.specification.version" value="1.6"/>
    <property name="file.encoding" value="Cp1252"/>
    <property name="user.name" value="Florian Zipser"/>
    <property name="java.class.path" value="D:\projects_work\SaltNPepper\resources_maven\misc\TupleConnector\target\test-classes;D:\projects_work\SaltNPepper\resources_maven\misc\TupleConnector\target\classes;d:\ProgramExports\maven_repository\org\apache\felix\org.osgi.core\1.4.0\org.osgi.core-1.4.0.jar;d:\ProgramExports\maven_repository\junit\junit\3.8.1\junit-3.8.1.jar;d:\ProgramExports\maven_repository\log4j\log4j\1.2.16\log4j-1.2.16.jar;d:\ProgramExports\maven_repository\org\eclipse\emf\org.eclipse.emf.common\2.6.0.v20100614-1136\org.eclipse.emf.common-2.6.0.v20100614-1136.jar;"/>
    <property name="java.vm.specification.version" value="1.0"/>
    <property name="sun.arch.data.model" value="64"/>
    <property name="java.home" value="p:\Program Files\Java\jdk1.6.0_21\jre"/>
    <property name="java.specification.vendor" value="Sun Microsystems Inc."/>
    <property name="user.language" value="de"/>
    <property name="awt.toolkit" value="sun.awt.windows.WToolkit"/>
    <property name="java.vm.info" value="mixed mode"/>
    <property name="java.version" value="1.6.0_21"/>
    <property name="java.ext.dirs" value="p:\Program Files\Java\jdk1.6.0_21\jre\lib\ext;C:\Windows\Sun\Java\lib\ext"/>
    <property name="sun.boot.class.path" value="p:\Program Files\Java\jdk1.6.0_21\jre\lib\resources.jar;p:\Program Files\Java\jdk1.6.0_21\jre\lib\rt.jar;p:\Program Files\Java\jdk1.6.0_21\jre\lib\sunrsasign.jar;p:\Program Files\Java\jdk1.6.0_21\jre\lib\jsse.jar;p:\Program Files\Java\jdk1.6.0_21\jre\lib\jce.jar;p:\Program Files\Java\jdk1.6.0_21\jre\lib\charsets.jar;p:\Program Files\Java\jdk1.6.0_21\jre\classes"/>
    <property name="java.vendor" value="Sun Microsystems Inc."/>
    <property name="localRepository" value="d:/ProgramExports/maven_repository/"/>
    <property name="file.separator" value="\"/>
    <property name="java.vendor.url.bug" value="http://java.sun.com/cgi-bin/bugreport.cgi"/>
    <property name="sun.cpu.endian" value="little"/>
    <property name="sun.io.unicode.encoding" value="UnicodeLittle"/>
    <property name="sun.desktop" value="windows"/>
    <property name="sun.cpu.isalist" value="amd64"/>
  </properties>
  <testcase time="0.011" classname="de.hu_berlin.german.korpling.saltnpepper.misc.tupleconnector.tests.TupleWriterTest" name="testAllSetters"/>
</testsuite>